2023-05-19 01:27:50,062 - sqlalchemy.engine.Engine - INFO - select pg_catalog.version()
2023-05-19 01:27:50,062 - sqlalchemy.engine.Engine - INFO - [raw sql] {}
2023-05-19 01:27:50,289 - sqlalchemy.engine.Engine - INFO - select current_schema()
2023-05-19 01:27:50,289 - sqlalchemy.engine.Engine - INFO - [raw sql] {}
2023-05-19 01:27:50,515 - sqlalchemy.engine.Engine - INFO - show standard_conforming_strings
2023-05-19 01:27:50,515 - sqlalchemy.engine.Engine - INFO - [raw sql] {}
2023-05-19 01:27:50,742 - sqlalchemy.engine.Engine - INFO - BEGIN (implicit)
2023-05-19 01:27:50,766 - sqlalchemy.engine.Engine - INFO - SELECT fetched_positions.id AS fetched_positions_id, fetched_positions.position_id AS fetched_positions_position_id, fetched_positions.uid AS fetched_positions_uid, fetched_positions.symbol AS fetched_positions_symbol, fetched_positions.entry_price AS fetched_positions_entry_price, fetched_positions.mark_price AS fetched_positions_mark_price, fetched_positions.pnl AS fetched_positions_pnl, fetched_positions.roe AS fetched_positions_roe, fetched_positions.amount AS fetched_positions_amount, fetched_positions.update_timestamp AS fetched_positions_update_timestamp, fetched_positions.trade_before AS fetched_positions_trade_before, fetched_positions.long AS fetched_positions_long, fetched_positions.short AS fetched_positions_short, fetched_positions.leverage AS fetched_positions_leverage, fetched_positions.opened_at AS fetched_positions_opened_at, fetched_positions.closed_at AS fetched_positions_closed_at 
FROM fetched_positions 
WHERE fetched_positions.opened_at >= %(opened_at_1)s OR fetched_positions.closed_at >= %(closed_at_1)s
2023-05-19 01:27:50,766 - sqlalchemy.engine.Engine - INFO - [generated in 0.01777s] {'opened_at_1': datetime.datetime(2023, 5, 18, 22, 57, 49, 33092), 'closed_at_1': datetime.datetime(2023, 5, 18, 22, 57, 49, 33092)}
2023-05-19 01:27:50,994 - sqlalchemy.engine.Engine - INFO - ROLLBACK
2023-05-19 01:28:51,586 - sqlalchemy.engine.Engine - INFO - select pg_catalog.version()
2023-05-19 01:28:51,586 - sqlalchemy.engine.Engine - INFO - [raw sql] {}
2023-05-19 01:28:51,812 - sqlalchemy.engine.Engine - INFO - select current_schema()
2023-05-19 01:28:51,813 - sqlalchemy.engine.Engine - INFO - [raw sql] {}
2023-05-19 01:28:52,039 - sqlalchemy.engine.Engine - INFO - show standard_conforming_strings
2023-05-19 01:28:52,039 - sqlalchemy.engine.Engine - INFO - [raw sql] {}
2023-05-19 01:28:52,265 - sqlalchemy.engine.Engine - INFO - BEGIN (implicit)
2023-05-19 01:28:52,297 - sqlalchemy.engine.Engine - INFO - SELECT fetched_positions.id AS fetched_positions_id, fetched_positions.position_id AS fetched_positions_position_id, fetched_positions.uid AS fetched_positions_uid, fetched_positions.symbol AS fetched_positions_symbol, fetched_positions.entry_price AS fetched_positions_entry_price, fetched_positions.mark_price AS fetched_positions_mark_price, fetched_positions.pnl AS fetched_positions_pnl, fetched_positions.roe AS fetched_positions_roe, fetched_positions.amount AS fetched_positions_amount, fetched_positions.update_timestamp AS fetched_positions_update_timestamp, fetched_positions.trade_before AS fetched_positions_trade_before, fetched_positions.long AS fetched_positions_long, fetched_positions.short AS fetched_positions_short, fetched_positions.leverage AS fetched_positions_leverage, fetched_positions.opened_at AS fetched_positions_opened_at, fetched_positions.closed_at AS fetched_positions_closed_at 
FROM fetched_positions 
WHERE fetched_positions.opened_at >= %(opened_at_1)s OR fetched_positions.closed_at >= %(closed_at_1)s
2023-05-19 01:28:52,297 - sqlalchemy.engine.Engine - INFO - [generated in 0.02422s] {'opened_at_1': datetime.datetime(2023, 5, 18, 22, 58, 50, 551167), 'closed_at_1': datetime.datetime(2023, 5, 18, 22, 58, 50, 551167)}
2023-05-19 01:28:52,526 - sqlalchemy.engine.Engine - INFO - ROLLBACK
2023-05-19 01:32:20,951 - sqlalchemy.engine.Engine - INFO - select pg_catalog.version()
2023-05-19 01:32:20,952 - sqlalchemy.engine.Engine - INFO - [raw sql] {}
2023-05-19 01:32:21,178 - sqlalchemy.engine.Engine - INFO - select current_schema()
2023-05-19 01:32:21,178 - sqlalchemy.engine.Engine - INFO - [raw sql] {}
2023-05-19 01:32:21,404 - sqlalchemy.engine.Engine - INFO - show standard_conforming_strings
2023-05-19 01:32:21,405 - sqlalchemy.engine.Engine - INFO - [raw sql] {}
2023-05-19 01:32:21,631 - sqlalchemy.engine.Engine - INFO - BEGIN (implicit)
2023-05-19 01:32:21,662 - sqlalchemy.engine.Engine - INFO - SELECT fetched_positions.id AS fetched_positions_id, fetched_positions.position_id AS fetched_positions_position_id, fetched_positions.uid AS fetched_positions_uid, fetched_positions.symbol AS fetched_positions_symbol, fetched_positions.entry_price AS fetched_positions_entry_price, fetched_positions.mark_price AS fetched_positions_mark_price, fetched_positions.pnl AS fetched_positions_pnl, fetched_positions.roe AS fetched_positions_roe, fetched_positions.amount AS fetched_positions_amount, fetched_positions.update_timestamp AS fetched_positions_update_timestamp, fetched_positions.trade_before AS fetched_positions_trade_before, fetched_positions.long AS fetched_positions_long, fetched_positions.short AS fetched_positions_short, fetched_positions.leverage AS fetched_positions_leverage, fetched_positions.opened_at AS fetched_positions_opened_at, fetched_positions.closed_at AS fetched_positions_closed_at 
FROM fetched_positions 
WHERE fetched_positions.opened_at >= %(opened_at_1)s OR fetched_positions.closed_at >= %(closed_at_1)s
2023-05-19 01:32:21,662 - sqlalchemy.engine.Engine - INFO - [generated in 0.02310s] {'opened_at_1': datetime.datetime(2023, 5, 18, 23, 2, 19, 920653), 'closed_at_1': datetime.datetime(2023, 5, 18, 23, 2, 19, 920653)}
2023-05-19 01:32:22,039 - root - ERROR - An unexpected error occurred while scanning the database: can't compare offset-naive and offset-aware datetimes
2023-05-19 01:32:22,039 - sqlalchemy.engine.Engine - INFO - ROLLBACK
2023-05-19 01:37:22,281 - sqlalchemy.engine.Engine - INFO - BEGIN (implicit)
2023-05-19 01:37:22,282 - sqlalchemy.engine.Engine - INFO - SELECT fetched_positions.id AS fetched_positions_id, fetched_positions.position_id AS fetched_positions_position_id, fetched_positions.uid AS fetched_positions_uid, fetched_positions.symbol AS fetched_positions_symbol, fetched_positions.entry_price AS fetched_positions_entry_price, fetched_positions.mark_price AS fetched_positions_mark_price, fetched_positions.pnl AS fetched_positions_pnl, fetched_positions.roe AS fetched_positions_roe, fetched_positions.amount AS fetched_positions_amount, fetched_positions.update_timestamp AS fetched_positions_update_timestamp, fetched_positions.trade_before AS fetched_positions_trade_before, fetched_positions.long AS fetched_positions_long, fetched_positions.short AS fetched_positions_short, fetched_positions.leverage AS fetched_positions_leverage, fetched_positions.opened_at AS fetched_positions_opened_at, fetched_positions.closed_at AS fetched_positions_closed_at 
FROM fetched_positions 
WHERE fetched_positions.opened_at >= %(opened_at_1)s OR fetched_positions.closed_at >= %(closed_at_1)s
2023-05-19 01:37:22,282 - sqlalchemy.engine.Engine - INFO - [cached since 300.6s ago] {'opened_at_1': datetime.datetime(2023, 5, 18, 23, 7, 22, 280721), 'closed_at_1': datetime.datetime(2023, 5, 18, 23, 7, 22, 280721)}
2023-05-19 01:37:22,624 - root - ERROR - An unexpected error occurred while scanning the database: can't compare offset-naive and offset-aware datetimes
2023-05-19 01:37:22,625 - sqlalchemy.engine.Engine - INFO - ROLLBACK
2023-05-19 01:37:31,417 - sqlalchemy.engine.Engine - INFO - select pg_catalog.version()
2023-05-19 01:37:31,417 - sqlalchemy.engine.Engine - INFO - [raw sql] {}
2023-05-19 01:37:31,645 - sqlalchemy.engine.Engine - INFO - select current_schema()
2023-05-19 01:37:31,645 - sqlalchemy.engine.Engine - INFO - [raw sql] {}
2023-05-19 01:37:31,869 - sqlalchemy.engine.Engine - INFO - show standard_conforming_strings
2023-05-19 01:37:31,870 - sqlalchemy.engine.Engine - INFO - [raw sql] {}
2023-05-19 01:37:32,095 - sqlalchemy.engine.Engine - INFO - BEGIN (implicit)
2023-05-19 01:37:32,119 - sqlalchemy.engine.Engine - INFO - SELECT fetched_positions.id AS fetched_positions_id, fetched_positions.position_id AS fetched_positions_position_id, fetched_positions.uid AS fetched_positions_uid, fetched_positions.symbol AS fetched_positions_symbol, fetched_positions.entry_price AS fetched_positions_entry_price, fetched_positions.mark_price AS fetched_positions_mark_price, fetched_positions.pnl AS fetched_positions_pnl, fetched_positions.roe AS fetched_positions_roe, fetched_positions.amount AS fetched_positions_amount, fetched_positions.update_timestamp AS fetched_positions_update_timestamp, fetched_positions.trade_before AS fetched_positions_trade_before, fetched_positions.long AS fetched_positions_long, fetched_positions.short AS fetched_positions_short, fetched_positions.leverage AS fetched_positions_leverage, fetched_positions.opened_at AS fetched_positions_opened_at, fetched_positions.closed_at AS fetched_positions_closed_at 
FROM fetched_positions 
WHERE fetched_positions.opened_at >= %(opened_at_1)s OR fetched_positions.closed_at >= %(closed_at_1)s
2023-05-19 01:37:32,119 - sqlalchemy.engine.Engine - INFO - [generated in 0.00025s] {'opened_at_1': datetime.datetime(2023, 5, 18, 23, 7, 30, 384206), 'closed_at_1': datetime.datetime(2023, 5, 18, 23, 7, 30, 384206)}
2023-05-19 01:37:32,461 - root - ERROR - An unexpected error occurred while scanning the database: can't compare offset-naive and offset-aware datetimes
2023-05-19 01:37:32,461 - sqlalchemy.engine.Engine - INFO - ROLLBACK
2023-05-19 01:40:30,474 - sqlalchemy.engine.Engine - INFO - select pg_catalog.version()
2023-05-19 01:40:30,474 - sqlalchemy.engine.Engine - INFO - [raw sql] {}
2023-05-19 01:40:30,702 - sqlalchemy.engine.Engine - INFO - select current_schema()
2023-05-19 01:40:30,702 - sqlalchemy.engine.Engine - INFO - [raw sql] {}
2023-05-19 01:40:30,928 - sqlalchemy.engine.Engine - INFO - show standard_conforming_strings
2023-05-19 01:40:30,928 - sqlalchemy.engine.Engine - INFO - [raw sql] {}
2023-05-19 01:40:31,154 - sqlalchemy.engine.Engine - INFO - BEGIN (implicit)
2023-05-19 01:40:31,160 - sqlalchemy.engine.Engine - INFO - SELECT fetched_positions.id AS fetched_positions_id, fetched_positions.position_id AS fetched_positions_position_id, fetched_positions.uid AS fetched_positions_uid, fetched_positions.symbol AS fetched_positions_symbol, fetched_positions.entry_price AS fetched_positions_entry_price, fetched_positions.mark_price AS fetched_positions_mark_price, fetched_positions.pnl AS fetched_positions_pnl, fetched_positions.roe AS fetched_positions_roe, fetched_positions.amount AS fetched_positions_amount, fetched_positions.update_timestamp AS fetched_positions_update_timestamp, fetched_positions.trade_before AS fetched_positions_trade_before, fetched_positions.long AS fetched_positions_long, fetched_positions.short AS fetched_positions_short, fetched_positions.leverage AS fetched_positions_leverage, fetched_positions.opened_at AS fetched_positions_opened_at, fetched_positions.closed_at AS fetched_positions_closed_at 
FROM fetched_positions 
WHERE fetched_positions.opened_at >= %(opened_at_1)s OR fetched_positions.closed_at >= %(closed_at_1)s
2023-05-19 01:40:31,161 - sqlalchemy.engine.Engine - INFO - [generated in 0.00048s] {'opened_at_1': datetime.datetime(2023, 5, 18, 23, 10, 29, 407951, tzinfo=<UTC>), 'closed_at_1': datetime.datetime(2023, 5, 18, 23, 10, 29, 407951, tzinfo=<UTC>)}
2023-05-19 01:40:31,505 - sqlalchemy.engine.Engine - INFO - ROLLBACK
2023-05-19 01:43:10,569 - sqlalchemy.engine.Engine - INFO - select pg_catalog.version()
2023-05-19 01:43:10,569 - sqlalchemy.engine.Engine - INFO - [raw sql] {}
2023-05-19 01:43:10,796 - sqlalchemy.engine.Engine - INFO - select current_schema()
2023-05-19 01:43:10,797 - sqlalchemy.engine.Engine - INFO - [raw sql] {}
2023-05-19 01:43:11,028 - sqlalchemy.engine.Engine - INFO - show standard_conforming_strings
2023-05-19 01:43:11,028 - sqlalchemy.engine.Engine - INFO - [raw sql] {}
2023-05-19 01:43:11,254 - sqlalchemy.engine.Engine - INFO - BEGIN (implicit)
2023-05-19 01:43:11,260 - sqlalchemy.engine.Engine - INFO - SELECT fetched_positions.id AS fetched_positions_id, fetched_positions.position_id AS fetched_positions_position_id, fetched_positions.uid AS fetched_positions_uid, fetched_positions.symbol AS fetched_positions_symbol, fetched_positions.entry_price AS fetched_positions_entry_price, fetched_positions.mark_price AS fetched_positions_mark_price, fetched_positions.pnl AS fetched_positions_pnl, fetched_positions.roe AS fetched_positions_roe, fetched_positions.amount AS fetched_positions_amount, fetched_positions.update_timestamp AS fetched_positions_update_timestamp, fetched_positions.trade_before AS fetched_positions_trade_before, fetched_positions.long AS fetched_positions_long, fetched_positions.short AS fetched_positions_short, fetched_positions.leverage AS fetched_positions_leverage, fetched_positions.opened_at AS fetched_positions_opened_at, fetched_positions.closed_at AS fetched_positions_closed_at 
FROM fetched_positions 
WHERE fetched_positions.opened_at >= %(opened_at_1)s OR fetched_positions.closed_at >= %(closed_at_1)s
2023-05-19 01:43:11,261 - sqlalchemy.engine.Engine - INFO - [generated in 0.00053s] {'opened_at_1': datetime.datetime(2023, 5, 18, 23, 13, 9, 508759, tzinfo=<UTC>), 'closed_at_1': datetime.datetime(2023, 5, 18, 23, 13, 9, 508759, tzinfo=<UTC>)}
2023-05-19 01:43:11,605 - sqlalchemy.engine.Engine - INFO - ROLLBACK
2023-05-19 01:44:20,728 - sqlalchemy.engine.Engine - INFO - select pg_catalog.version()
2023-05-19 01:44:20,728 - sqlalchemy.engine.Engine - INFO - [raw sql] {}
2023-05-19 01:44:20,955 - sqlalchemy.engine.Engine - INFO - select current_schema()
2023-05-19 01:44:20,955 - sqlalchemy.engine.Engine - INFO - [raw sql] {}
2023-05-19 01:44:21,181 - sqlalchemy.engine.Engine - INFO - show standard_conforming_strings
2023-05-19 01:44:21,181 - sqlalchemy.engine.Engine - INFO - [raw sql] {}
2023-05-19 01:44:21,408 - sqlalchemy.engine.Engine - INFO - BEGIN (implicit)
2023-05-19 01:44:21,415 - sqlalchemy.engine.Engine - INFO - SELECT fetched_positions.id AS fetched_positions_id, fetched_positions.position_id AS fetched_positions_position_id, fetched_positions.uid AS fetched_positions_uid, fetched_positions.symbol AS fetched_positions_symbol, fetched_positions.entry_price AS fetched_positions_entry_price, fetched_positions.mark_price AS fetched_positions_mark_price, fetched_positions.pnl AS fetched_positions_pnl, fetched_positions.roe AS fetched_positions_roe, fetched_positions.amount AS fetched_positions_amount, fetched_positions.update_timestamp AS fetched_positions_update_timestamp, fetched_positions.trade_before AS fetched_positions_trade_before, fetched_positions.long AS fetched_positions_long, fetched_positions.short AS fetched_positions_short, fetched_positions.leverage AS fetched_positions_leverage, fetched_positions.opened_at AS fetched_positions_opened_at, fetched_positions.closed_at AS fetched_positions_closed_at 
FROM fetched_positions 
WHERE fetched_positions.opened_at >= %(opened_at_1)s OR fetched_positions.closed_at >= %(closed_at_1)s
2023-05-19 01:44:21,415 - sqlalchemy.engine.Engine - INFO - [generated in 0.00046s] {'opened_at_1': datetime.datetime(2023, 5, 18, 23, 14, 19, 672142, tzinfo=<UTC>), 'closed_at_1': datetime.datetime(2023, 5, 18, 23, 14, 19, 672142, tzinfo=<UTC>)}
2023-05-19 01:44:21,759 - sqlalchemy.engine.Engine - INFO - ROLLBACK
2023-05-19 01:45:06,900 - sqlalchemy.engine.Engine - INFO - select pg_catalog.version()
2023-05-19 01:45:06,900 - sqlalchemy.engine.Engine - INFO - [raw sql] {}
2023-05-19 01:45:07,126 - sqlalchemy.engine.Engine - INFO - select current_schema()
2023-05-19 01:45:07,127 - sqlalchemy.engine.Engine - INFO - [raw sql] {}
2023-05-19 01:45:07,353 - sqlalchemy.engine.Engine - INFO - show standard_conforming_strings
2023-05-19 01:45:07,354 - sqlalchemy.engine.Engine - INFO - [raw sql] {}
2023-05-19 01:45:07,580 - sqlalchemy.engine.Engine - INFO - BEGIN (implicit)
2023-05-19 01:45:07,586 - sqlalchemy.engine.Engine - INFO - SELECT fetched_positions.id AS fetched_positions_id, fetched_positions.position_id AS fetched_positions_position_id, fetched_positions.uid AS fetched_positions_uid, fetched_positions.symbol AS fetched_positions_symbol, fetched_positions.entry_price AS fetched_positions_entry_price, fetched_positions.mark_price AS fetched_positions_mark_price, fetched_positions.pnl AS fetched_positions_pnl, fetched_positions.roe AS fetched_positions_roe, fetched_positions.amount AS fetched_positions_amount, fetched_positions.update_timestamp AS fetched_positions_update_timestamp, fetched_positions.trade_before AS fetched_positions_trade_before, fetched_positions.long AS fetched_positions_long, fetched_positions.short AS fetched_positions_short, fetched_positions.leverage AS fetched_positions_leverage, fetched_positions.opened_at AS fetched_positions_opened_at, fetched_positions.closed_at AS fetched_positions_closed_at 
FROM fetched_positions 
WHERE fetched_positions.opened_at >= %(opened_at_1)s OR fetched_positions.closed_at >= %(closed_at_1)s
2023-05-19 01:45:07,586 - sqlalchemy.engine.Engine - INFO - [generated in 0.00051s] {'opened_at_1': datetime.datetime(2023, 5, 18, 23, 15, 5, 851982, tzinfo=<UTC>), 'closed_at_1': datetime.datetime(2023, 5, 18, 23, 15, 5, 851982, tzinfo=<UTC>)}
2023-05-19 01:45:07,930 - sqlalchemy.engine.Engine - INFO - ROLLBACK
2023-05-19 01:46:49,348 - sqlalchemy.engine.Engine - INFO - select pg_catalog.version()
2023-05-19 01:46:49,348 - sqlalchemy.engine.Engine - INFO - [raw sql] {}
2023-05-19 01:46:49,574 - sqlalchemy.engine.Engine - INFO - select current_schema()
2023-05-19 01:46:49,574 - sqlalchemy.engine.Engine - INFO - [raw sql] {}
2023-05-19 01:46:49,799 - sqlalchemy.engine.Engine - INFO - show standard_conforming_strings
2023-05-19 01:46:49,799 - sqlalchemy.engine.Engine - INFO - [raw sql] {}
2023-05-19 01:46:50,026 - sqlalchemy.engine.Engine - INFO - BEGIN (implicit)
2023-05-19 01:46:50,032 - sqlalchemy.engine.Engine - INFO - SELECT fetched_positions.id AS fetched_positions_id, fetched_positions.position_id AS fetched_positions_position_id, fetched_positions.uid AS fetched_positions_uid, fetched_positions.symbol AS fetched_positions_symbol, fetched_positions.entry_price AS fetched_positions_entry_price, fetched_positions.mark_price AS fetched_positions_mark_price, fetched_positions.pnl AS fetched_positions_pnl, fetched_positions.roe AS fetched_positions_roe, fetched_positions.amount AS fetched_positions_amount, fetched_positions.update_timestamp AS fetched_positions_update_timestamp, fetched_positions.trade_before AS fetched_positions_trade_before, fetched_positions.long AS fetched_positions_long, fetched_positions.short AS fetched_positions_short, fetched_positions.leverage AS fetched_positions_leverage, fetched_positions.opened_at AS fetched_positions_opened_at, fetched_positions.closed_at AS fetched_positions_closed_at 
FROM fetched_positions 
WHERE fetched_positions.opened_at >= %(opened_at_1)s OR fetched_positions.closed_at >= %(closed_at_1)s
2023-05-19 01:46:50,032 - sqlalchemy.engine.Engine - INFO - [generated in 0.00043s] {'opened_at_1': datetime.datetime(2023, 5, 18, 23, 16, 48, 285715, tzinfo=<UTC>), 'closed_at_1': datetime.datetime(2023, 5, 18, 23, 16, 48, 285715, tzinfo=<UTC>)}
2023-05-19 01:46:50,375 - sqlalchemy.engine.Engine - INFO - ROLLBACK
2023-05-19 01:48:24,169 - sqlalchemy.engine.Engine - INFO - select pg_catalog.version()
2023-05-19 01:48:24,169 - sqlalchemy.engine.Engine - INFO - [raw sql] {}
2023-05-19 01:48:24,396 - sqlalchemy.engine.Engine - INFO - select current_schema()
2023-05-19 01:48:24,396 - sqlalchemy.engine.Engine - INFO - [raw sql] {}
2023-05-19 01:48:24,623 - sqlalchemy.engine.Engine - INFO - show standard_conforming_strings
2023-05-19 01:48:24,623 - sqlalchemy.engine.Engine - INFO - [raw sql] {}
2023-05-19 01:48:24,850 - sqlalchemy.engine.Engine - INFO - BEGIN (implicit)
2023-05-19 01:48:24,856 - sqlalchemy.engine.Engine - INFO - SELECT fetched_positions.id AS fetched_positions_id, fetched_positions.position_id AS fetched_positions_position_id, fetched_positions.uid AS fetched_positions_uid, fetched_positions.symbol AS fetched_positions_symbol, fetched_positions.entry_price AS fetched_positions_entry_price, fetched_positions.mark_price AS fetched_positions_mark_price, fetched_positions.pnl AS fetched_positions_pnl, fetched_positions.roe AS fetched_positions_roe, fetched_positions.amount AS fetched_positions_amount, fetched_positions.update_timestamp AS fetched_positions_update_timestamp, fetched_positions.trade_before AS fetched_positions_trade_before, fetched_positions.long AS fetched_positions_long, fetched_positions.short AS fetched_positions_short, fetched_positions.leverage AS fetched_positions_leverage, fetched_positions.opened_at AS fetched_positions_opened_at, fetched_positions.closed_at AS fetched_positions_closed_at 
FROM fetched_positions 
WHERE fetched_positions.opened_at >= %(opened_at_1)s OR fetched_positions.closed_at >= %(closed_at_1)s
2023-05-19 01:48:24,856 - sqlalchemy.engine.Engine - INFO - [generated in 0.00050s] {'opened_at_1': datetime.datetime(2023, 5, 18, 23, 18, 23, 117430, tzinfo=<UTC>), 'closed_at_1': datetime.datetime(2023, 5, 18, 23, 18, 23, 117430, tzinfo=<UTC>)}
2023-05-19 01:48:25,200 - sqlalchemy.engine.Engine - INFO - ROLLBACK
2023-05-19 01:48:50,794 - sqlalchemy.engine.Engine - INFO - select pg_catalog.version()
2023-05-19 01:48:50,795 - sqlalchemy.engine.Engine - INFO - [raw sql] {}
2023-05-19 01:48:51,021 - sqlalchemy.engine.Engine - INFO - select current_schema()
2023-05-19 01:48:51,021 - sqlalchemy.engine.Engine - INFO - [raw sql] {}
2023-05-19 01:48:51,247 - sqlalchemy.engine.Engine - INFO - show standard_conforming_strings
2023-05-19 01:48:51,247 - sqlalchemy.engine.Engine - INFO - [raw sql] {}
2023-05-19 01:48:51,473 - sqlalchemy.engine.Engine - INFO - BEGIN (implicit)
2023-05-19 01:48:51,478 - sqlalchemy.engine.Engine - INFO - SELECT fetched_positions.id AS fetched_positions_id, fetched_positions.position_id AS fetched_positions_position_id, fetched_positions.uid AS fetched_positions_uid, fetched_positions.symbol AS fetched_positions_symbol, fetched_positions.entry_price AS fetched_positions_entry_price, fetched_positions.mark_price AS fetched_positions_mark_price, fetched_positions.pnl AS fetched_positions_pnl, fetched_positions.roe AS fetched_positions_roe, fetched_positions.amount AS fetched_positions_amount, fetched_positions.update_timestamp AS fetched_positions_update_timestamp, fetched_positions.trade_before AS fetched_positions_trade_before, fetched_positions.long AS fetched_positions_long, fetched_positions.short AS fetched_positions_short, fetched_positions.leverage AS fetched_positions_leverage, fetched_positions.opened_at AS fetched_positions_opened_at, fetched_positions.closed_at AS fetched_positions_closed_at 
FROM fetched_positions 
WHERE fetched_positions.opened_at >= %(opened_at_1)s OR fetched_positions.closed_at >= %(closed_at_1)s
2023-05-19 01:48:51,479 - sqlalchemy.engine.Engine - INFO - [generated in 0.00039s] {'opened_at_1': datetime.datetime(2023, 5, 18, 23, 18, 49, 738589, tzinfo=<UTC>), 'closed_at_1': datetime.datetime(2023, 5, 18, 23, 18, 49, 738589, tzinfo=<UTC>)}
2023-05-19 01:48:51,826 - sqlalchemy.engine.Engine - INFO - ROLLBACK
2023-05-19 01:50:12,296 - sqlalchemy.engine.Engine - INFO - select pg_catalog.version()
2023-05-19 01:50:12,297 - sqlalchemy.engine.Engine - INFO - [raw sql] {}
2023-05-19 01:50:12,523 - sqlalchemy.engine.Engine - INFO - select current_schema()
2023-05-19 01:50:12,523 - sqlalchemy.engine.Engine - INFO - [raw sql] {}
2023-05-19 01:50:12,749 - sqlalchemy.engine.Engine - INFO - show standard_conforming_strings
2023-05-19 01:50:12,750 - sqlalchemy.engine.Engine - INFO - [raw sql] {}
2023-05-19 01:50:12,975 - sqlalchemy.engine.Engine - INFO - BEGIN (implicit)
2023-05-19 01:50:12,980 - sqlalchemy.engine.Engine - INFO - SELECT fetched_positions.id AS fetched_positions_id, fetched_positions.position_id AS fetched_positions_position_id, fetched_positions.uid AS fetched_positions_uid, fetched_positions.symbol AS fetched_positions_symbol, fetched_positions.entry_price AS fetched_positions_entry_price, fetched_positions.mark_price AS fetched_positions_mark_price, fetched_positions.pnl AS fetched_positions_pnl, fetched_positions.roe AS fetched_positions_roe, fetched_positions.amount AS fetched_positions_amount, fetched_positions.update_timestamp AS fetched_positions_update_timestamp, fetched_positions.trade_before AS fetched_positions_trade_before, fetched_positions.long AS fetched_positions_long, fetched_positions.short AS fetched_positions_short, fetched_positions.leverage AS fetched_positions_leverage, fetched_positions.opened_at AS fetched_positions_opened_at, fetched_positions.closed_at AS fetched_positions_closed_at 
FROM fetched_positions 
WHERE fetched_positions.opened_at >= %(opened_at_1)s OR fetched_positions.closed_at >= %(closed_at_1)s
2023-05-19 01:50:12,980 - sqlalchemy.engine.Engine - INFO - [generated in 0.00042s] {'opened_at_1': datetime.datetime(2023, 5, 18, 23, 20, 11, 249551, tzinfo=<UTC>), 'closed_at_1': datetime.datetime(2023, 5, 18, 23, 20, 11, 249551, tzinfo=<UTC>)}
2023-05-19 01:50:13,324 - sqlalchemy.engine.Engine - INFO - ROLLBACK
2023-05-19 01:55:13,537 - sqlalchemy.engine.Engine - INFO - BEGIN (implicit)
2023-05-19 01:55:13,538 - sqlalchemy.engine.Engine - INFO - SELECT fetched_positions.id AS fetched_positions_id, fetched_positions.position_id AS fetched_positions_position_id, fetched_positions.uid AS fetched_positions_uid, fetched_positions.symbol AS fetched_positions_symbol, fetched_positions.entry_price AS fetched_positions_entry_price, fetched_positions.mark_price AS fetched_positions_mark_price, fetched_positions.pnl AS fetched_positions_pnl, fetched_positions.roe AS fetched_positions_roe, fetched_positions.amount AS fetched_positions_amount, fetched_positions.update_timestamp AS fetched_positions_update_timestamp, fetched_positions.trade_before AS fetched_positions_trade_before, fetched_positions.long AS fetched_positions_long, fetched_positions.short AS fetched_positions_short, fetched_positions.leverage AS fetched_positions_leverage, fetched_positions.opened_at AS fetched_positions_opened_at, fetched_positions.closed_at AS fetched_positions_closed_at 
FROM fetched_positions 
WHERE fetched_positions.opened_at >= %(opened_at_1)s OR fetched_positions.closed_at >= %(closed_at_1)s
2023-05-19 01:55:13,538 - sqlalchemy.engine.Engine - INFO - [cached since 300.6s ago] {'opened_at_1': datetime.datetime(2023, 5, 18, 23, 25, 13, 536714, tzinfo=<UTC>), 'closed_at_1': datetime.datetime(2023, 5, 18, 23, 25, 13, 536714, tzinfo=<UTC>)}
2023-05-19 01:55:13,880 - sqlalchemy.engine.Engine - INFO - ROLLBACK
2023-05-19 01:58:21,069 - sqlalchemy.engine.Engine - INFO - select pg_catalog.version()
2023-05-19 01:58:21,069 - sqlalchemy.engine.Engine - INFO - [raw sql] {}
2023-05-19 01:58:21,315 - sqlalchemy.engine.Engine - INFO - select current_schema()
2023-05-19 01:58:21,315 - sqlalchemy.engine.Engine - INFO - [raw sql] {}
2023-05-19 01:58:21,541 - sqlalchemy.engine.Engine - INFO - show standard_conforming_strings
2023-05-19 01:58:21,542 - sqlalchemy.engine.Engine - INFO - [raw sql] {}
2023-05-19 01:58:21,768 - sqlalchemy.engine.Engine - INFO - BEGIN (implicit)
2023-05-19 01:58:21,774 - sqlalchemy.engine.Engine - INFO - SELECT fetched_positions.id AS fetched_positions_id, fetched_positions.position_id AS fetched_positions_position_id, fetched_positions.uid AS fetched_positions_uid, fetched_positions.symbol AS fetched_positions_symbol, fetched_positions.entry_price AS fetched_positions_entry_price, fetched_positions.mark_price AS fetched_positions_mark_price, fetched_positions.pnl AS fetched_positions_pnl, fetched_positions.roe AS fetched_positions_roe, fetched_positions.amount AS fetched_positions_amount, fetched_positions.update_timestamp AS fetched_positions_update_timestamp, fetched_positions.trade_before AS fetched_positions_trade_before, fetched_positions.long AS fetched_positions_long, fetched_positions.short AS fetched_positions_short, fetched_positions.leverage AS fetched_positions_leverage, fetched_positions.opened_at AS fetched_positions_opened_at, fetched_positions.closed_at AS fetched_positions_closed_at 
FROM fetched_positions 
WHERE fetched_positions.opened_at >= %(opened_at_1)s OR fetched_positions.closed_at >= %(closed_at_1)s
2023-05-19 01:58:21,775 - sqlalchemy.engine.Engine - INFO - [generated in 0.00077s] {'opened_at_1': datetime.datetime(2023, 5, 18, 23, 28, 20, 22511, tzinfo=<UTC>), 'closed_at_1': datetime.datetime(2023, 5, 18, 23, 28, 20, 22511, tzinfo=<UTC>)}
2023-05-19 01:58:22,118 - root - ERROR - An unexpected error occurred while scanning the database: unsupported operand type(s) for *: 'decimal.Decimal' and 'float'
2023-05-19 01:58:22,118 - sqlalchemy.engine.Engine - INFO - ROLLBACK
2023-05-19 02:00:27,128 - sqlalchemy.engine.Engine - INFO - select pg_catalog.version()
2023-05-19 02:00:27,129 - sqlalchemy.engine.Engine - INFO - [raw sql] {}
2023-05-19 02:00:27,356 - sqlalchemy.engine.Engine - INFO - select current_schema()
2023-05-19 02:00:27,356 - sqlalchemy.engine.Engine - INFO - [raw sql] {}
2023-05-19 02:00:27,581 - sqlalchemy.engine.Engine - INFO - show standard_conforming_strings
2023-05-19 02:00:27,581 - sqlalchemy.engine.Engine - INFO - [raw sql] {}
2023-05-19 02:00:27,808 - sqlalchemy.engine.Engine - INFO - BEGIN (implicit)
2023-05-19 02:00:27,814 - sqlalchemy.engine.Engine - INFO - SELECT fetched_positions.id AS fetched_positions_id, fetched_positions.position_id AS fetched_positions_position_id, fetched_positions.uid AS fetched_positions_uid, fetched_positions.symbol AS fetched_positions_symbol, fetched_positions.entry_price AS fetched_positions_entry_price, fetched_positions.mark_price AS fetched_positions_mark_price, fetched_positions.pnl AS fetched_positions_pnl, fetched_positions.roe AS fetched_positions_roe, fetched_positions.amount AS fetched_positions_amount, fetched_positions.update_timestamp AS fetched_positions_update_timestamp, fetched_positions.trade_before AS fetched_positions_trade_before, fetched_positions.long AS fetched_positions_long, fetched_positions.short AS fetched_positions_short, fetched_positions.leverage AS fetched_positions_leverage, fetched_positions.opened_at AS fetched_positions_opened_at, fetched_positions.closed_at AS fetched_positions_closed_at 
FROM fetched_positions 
WHERE fetched_positions.opened_at >= %(opened_at_1)s OR fetched_positions.closed_at >= %(closed_at_1)s
2023-05-19 02:00:27,814 - sqlalchemy.engine.Engine - INFO - [generated in 0.00044s] {'opened_at_1': datetime.datetime(2023, 5, 18, 23, 30, 26, 82748, tzinfo=<UTC>), 'closed_at_1': datetime.datetime(2023, 5, 18, 23, 30, 26, 82748, tzinfo=<UTC>)}
2023-05-19 02:00:28,169 - sqlalchemy.engine.Engine - INFO - ROLLBACK
2023-05-19 02:05:03,726 - sqlalchemy.engine.Engine - INFO - select pg_catalog.version()
2023-05-19 02:05:03,726 - sqlalchemy.engine.Engine - INFO - [raw sql] {}
2023-05-19 02:05:03,952 - sqlalchemy.engine.Engine - INFO - select current_schema()
2023-05-19 02:05:03,953 - sqlalchemy.engine.Engine - INFO - [raw sql] {}
2023-05-19 02:05:04,179 - sqlalchemy.engine.Engine - INFO - show standard_conforming_strings
2023-05-19 02:05:04,179 - sqlalchemy.engine.Engine - INFO - [raw sql] {}
2023-05-19 02:05:04,406 - sqlalchemy.engine.Engine - INFO - BEGIN (implicit)
2023-05-19 02:05:04,411 - sqlalchemy.engine.Engine - INFO - SELECT fetched_positions.id AS fetched_positions_id, fetched_positions.position_id AS fetched_positions_position_id, fetched_positions.uid AS fetched_positions_uid, fetched_positions.symbol AS fetched_positions_symbol, fetched_positions.entry_price AS fetched_positions_entry_price, fetched_positions.mark_price AS fetched_positions_mark_price, fetched_positions.pnl AS fetched_positions_pnl, fetched_positions.roe AS fetched_positions_roe, fetched_positions.amount AS fetched_positions_amount, fetched_positions.update_timestamp AS fetched_positions_update_timestamp, fetched_positions.trade_before AS fetched_positions_trade_before, fetched_positions.long AS fetched_positions_long, fetched_positions.short AS fetched_positions_short, fetched_positions.leverage AS fetched_positions_leverage, fetched_positions.opened_at AS fetched_positions_opened_at, fetched_positions.closed_at AS fetched_positions_closed_at 
FROM fetched_positions 
WHERE fetched_positions.opened_at >= %(opened_at_1)s OR fetched_positions.closed_at >= %(closed_at_1)s
2023-05-19 02:05:04,412 - sqlalchemy.engine.Engine - INFO - [generated in 0.00047s] {'opened_at_1': datetime.datetime(2023, 5, 18, 23, 35, 2, 680051, tzinfo=<UTC>), 'closed_at_1': datetime.datetime(2023, 5, 18, 23, 35, 2, 680051, tzinfo=<UTC>)}
2023-05-19 02:05:04,769 - sqlalchemy.engine.Engine - INFO - ROLLBACK
2023-05-19 02:10:04,981 - sqlalchemy.engine.Engine - INFO - BEGIN (implicit)
2023-05-19 02:10:04,982 - sqlalchemy.engine.Engine - INFO - SELECT fetched_positions.id AS fetched_positions_id, fetched_positions.position_id AS fetched_positions_position_id, fetched_positions.uid AS fetched_positions_uid, fetched_positions.symbol AS fetched_positions_symbol, fetched_positions.entry_price AS fetched_positions_entry_price, fetched_positions.mark_price AS fetched_positions_mark_price, fetched_positions.pnl AS fetched_positions_pnl, fetched_positions.roe AS fetched_positions_roe, fetched_positions.amount AS fetched_positions_amount, fetched_positions.update_timestamp AS fetched_positions_update_timestamp, fetched_positions.trade_before AS fetched_positions_trade_before, fetched_positions.long AS fetched_positions_long, fetched_positions.short AS fetched_positions_short, fetched_positions.leverage AS fetched_positions_leverage, fetched_positions.opened_at AS fetched_positions_opened_at, fetched_positions.closed_at AS fetched_positions_closed_at 
FROM fetched_positions 
WHERE fetched_positions.opened_at >= %(opened_at_1)s OR fetched_positions.closed_at >= %(closed_at_1)s
2023-05-19 02:10:04,982 - sqlalchemy.engine.Engine - INFO - [cached since 300.6s ago] {'opened_at_1': datetime.datetime(2023, 5, 18, 23, 40, 4, 980715, tzinfo=<UTC>), 'closed_at_1': datetime.datetime(2023, 5, 18, 23, 40, 4, 980715, tzinfo=<UTC>)}
2023-05-19 02:10:05,210 - sqlalchemy.engine.Engine - INFO - ROLLBACK
2023-05-19 02:10:50,832 - sqlalchemy.engine.Engine - INFO - select pg_catalog.version()
2023-05-19 02:10:50,832 - sqlalchemy.engine.Engine - INFO - [raw sql] {}
2023-05-19 02:10:51,058 - sqlalchemy.engine.Engine - INFO - select current_schema()
2023-05-19 02:10:51,059 - sqlalchemy.engine.Engine - INFO - [raw sql] {}
2023-05-19 02:10:51,284 - sqlalchemy.engine.Engine - INFO - show standard_conforming_strings
2023-05-19 02:10:51,284 - sqlalchemy.engine.Engine - INFO - [raw sql] {}
2023-05-19 02:10:51,510 - sqlalchemy.engine.Engine - INFO - BEGIN (implicit)
2023-05-19 02:10:51,517 - sqlalchemy.engine.Engine - INFO - SELECT fetched_positions.id AS fetched_positions_id, fetched_positions.position_id AS fetched_positions_position_id, fetched_positions.uid AS fetched_positions_uid, fetched_positions.symbol AS fetched_positions_symbol, fetched_positions.entry_price AS fetched_positions_entry_price, fetched_positions.mark_price AS fetched_positions_mark_price, fetched_positions.pnl AS fetched_positions_pnl, fetched_positions.roe AS fetched_positions_roe, fetched_positions.amount AS fetched_positions_amount, fetched_positions.update_timestamp AS fetched_positions_update_timestamp, fetched_positions.trade_before AS fetched_positions_trade_before, fetched_positions.long AS fetched_positions_long, fetched_positions.short AS fetched_positions_short, fetched_positions.leverage AS fetched_positions_leverage, fetched_positions.opened_at AS fetched_positions_opened_at, fetched_positions.closed_at AS fetched_positions_closed_at 
FROM fetched_positions 
WHERE fetched_positions.opened_at >= %(opened_at_1)s OR fetched_positions.closed_at >= %(closed_at_1)s
2023-05-19 02:10:51,517 - sqlalchemy.engine.Engine - INFO - [generated in 0.00052s] {'opened_at_1': datetime.datetime(2023, 5, 18, 23, 40, 49, 650462, tzinfo=<UTC>), 'closed_at_1': datetime.datetime(2023, 5, 18, 23, 40, 49, 650462, tzinfo=<UTC>)}
2023-05-19 02:10:51,744 - sqlalchemy.engine.Engine - INFO - ROLLBACK
2023-05-19 02:11:28,237 - sqlalchemy.engine.Engine - INFO - select pg_catalog.version()
2023-05-19 02:11:28,237 - sqlalchemy.engine.Engine - INFO - [raw sql] {}
2023-05-19 02:11:28,464 - sqlalchemy.engine.Engine - INFO - select current_schema()
2023-05-19 02:11:28,464 - sqlalchemy.engine.Engine - INFO - [raw sql] {}
2023-05-19 02:11:28,690 - sqlalchemy.engine.Engine - INFO - show standard_conforming_strings
2023-05-19 02:11:28,690 - sqlalchemy.engine.Engine - INFO - [raw sql] {}
2023-05-19 02:11:28,916 - sqlalchemy.engine.Engine - INFO - BEGIN (implicit)
2023-05-19 02:11:28,922 - sqlalchemy.engine.Engine - INFO - SELECT fetched_positions.id AS fetched_positions_id, fetched_positions.position_id AS fetched_positions_position_id, fetched_positions.uid AS fetched_positions_uid, fetched_positions.symbol AS fetched_positions_symbol, fetched_positions.entry_price AS fetched_positions_entry_price, fetched_positions.mark_price AS fetched_positions_mark_price, fetched_positions.pnl AS fetched_positions_pnl, fetched_positions.roe AS fetched_positions_roe, fetched_positions.amount AS fetched_positions_amount, fetched_positions.update_timestamp AS fetched_positions_update_timestamp, fetched_positions.trade_before AS fetched_positions_trade_before, fetched_positions.long AS fetched_positions_long, fetched_positions.short AS fetched_positions_short, fetched_positions.leverage AS fetched_positions_leverage, fetched_positions.opened_at AS fetched_positions_opened_at, fetched_positions.closed_at AS fetched_positions_closed_at 
FROM fetched_positions 
WHERE fetched_positions.opened_at >= %(opened_at_1)s OR fetched_positions.closed_at >= %(closed_at_1)s
2023-05-19 02:11:28,922 - sqlalchemy.engine.Engine - INFO - [generated in 0.00072s] {'opened_at_1': datetime.datetime(2023, 5, 18, 23, 41, 27, 190801, tzinfo=<UTC>), 'closed_at_1': datetime.datetime(2023, 5, 18, 23, 41, 27, 190801, tzinfo=<UTC>)}
2023-05-19 02:11:29,149 - sqlalchemy.engine.Engine - INFO - ROLLBACK
2023-05-19 02:12:13,606 - sqlalchemy.engine.Engine - INFO - select pg_catalog.version()
2023-05-19 02:12:13,607 - sqlalchemy.engine.Engine - INFO - [raw sql] {}
2023-05-19 02:12:13,833 - sqlalchemy.engine.Engine - INFO - select current_schema()
2023-05-19 02:12:13,833 - sqlalchemy.engine.Engine - INFO - [raw sql] {}
2023-05-19 02:12:14,058 - sqlalchemy.engine.Engine - INFO - show standard_conforming_strings
2023-05-19 02:12:14,059 - sqlalchemy.engine.Engine - INFO - [raw sql] {}
2023-05-19 02:12:14,285 - sqlalchemy.engine.Engine - INFO - BEGIN (implicit)
2023-05-19 02:12:14,290 - sqlalchemy.engine.Engine - INFO - SELECT fetched_positions.id AS fetched_positions_id, fetched_positions.position_id AS fetched_positions_position_id, fetched_positions.uid AS fetched_positions_uid, fetched_positions.symbol AS fetched_positions_symbol, fetched_positions.entry_price AS fetched_positions_entry_price, fetched_positions.mark_price AS fetched_positions_mark_price, fetched_positions.pnl AS fetched_positions_pnl, fetched_positions.roe AS fetched_positions_roe, fetched_positions.amount AS fetched_positions_amount, fetched_positions.update_timestamp AS fetched_positions_update_timestamp, fetched_positions.trade_before AS fetched_positions_trade_before, fetched_positions.long AS fetched_positions_long, fetched_positions.short AS fetched_positions_short, fetched_positions.leverage AS fetched_positions_leverage, fetched_positions.opened_at AS fetched_positions_opened_at, fetched_positions.closed_at AS fetched_positions_closed_at 
FROM fetched_positions 
WHERE fetched_positions.opened_at >= %(opened_at_1)s OR fetched_positions.closed_at >= %(closed_at_1)s
2023-05-19 02:12:14,290 - sqlalchemy.engine.Engine - INFO - [generated in 0.00039s] {'opened_at_1': datetime.datetime(2023, 5, 18, 23, 42, 12, 550724, tzinfo=<UTC>), 'closed_at_1': datetime.datetime(2023, 5, 18, 23, 42, 12, 550724, tzinfo=<UTC>)}
2023-05-19 02:12:14,647 - sqlalchemy.engine.Engine - INFO - ROLLBACK
